build/app/outputs/mapping/release/seeds.txt
com.example.adhyayan.MainActivity
com.example.adhyayan.MainActivity: MainActivity()
...
io.flutter.plugin.editing.ImeSyncDeferringInsetsCallback: android.view.View$OnApplyWindowInsetsListener getInsetsListener()
kotlinx.coroutines.internal.AtomicOp: AtomicOp()
io.flutter.embedding.engine.FlutterJNI: void nativeUpdateJavaAssetManager(long,android.content.res.AssetManager,java.lang.String)
androidx.core.view.WindowInsetsCompat$Impl: void setRootViewData(androidx.core.graphics.Insets)
androidx.core.app.NotificationCompatBuilder$Api20Impl: android.app.Notification$Builder setLocalOnly(android.app.Notification$Builder,boolean)
androidx.lifecycle.ReportFragment$LifecycleCallbacks: void onActivityPostStarted(android.app.Activity)
io.flutter.embedding.engine.renderer.FlutterRenderer$ImageReaderSurfaceProducer: void cleanup()
androidx.core.view.ViewCompat$Api21Impl$1: android.view.WindowInsets onApplyWindowInsets(android.view.View,android.view.WindowInsets)
com.google.android.gms.internal.auth.zzha: zzha()
kotlinx.coroutines.selects.TrySelectDetailedResult: kotlinx.coroutines.selects.TrySelectDetailedResult valueOf(java.lang.String)
io.flutter.embedding.engine.FlutterJNI: void updateCustomAccessibilityActions(java.nio.ByteBuffer,java.lang.String[])
com.razorpay.AnalyticsProperty$Scope: com.razorpay.AnalyticsProperty$Scope valueOf(java.lang.String)
io.flutter.embedding.engine.renderer.FlutterRenderer$ImageReaderSurfaceProducer: void maybeWaitOnFence(android.media.Image)
io.flutter.embedding.engine.mutatorsstack.FlutterMutatorsStack: FlutterMutatorsStack()
androidx.lifecycle.ReportFragment$LifecycleCallbacks: void onActivityPreDestroyed(android.app.Activity)
io.flutter.embedding.engine.renderer.FlutterRenderer$ImageReaderSurfaceProducer: boolean access$800(io.flutter.embedding.engine.renderer.FlutterRenderer$ImageReaderSurfaceProducer)
io.flutter.embedding.engine.renderer.FlutterRenderer$ImageTextureRegistryEntry: android.media.Image acquireLatestImage()
androidx.lifecycle.ProcessLifecycleOwner$attach$1: void onActivityStopped(android.app.Activity)
androidx.core.view.ViewCompat$Api21Impl: boolean dispatchNestedPreScroll(android.view.View,int,int,int[],int[])
androidx.core.view.WindowInsetsCompat$BuilderImpl20: void setSystemWindowInsets(androidx.core.graphics.Insets)
com.google.common.collect.AbstractIterator$State: com.google.common.collect.AbstractIterator$State valueOf(java.lang.String)
androidx.core.graphics.drawable.IconCompat$Api26Impl: android.graphics.drawable.Icon createWithAdaptiveBitmap(android.graphics.Bitmap)
com.google.android.gms.common.api.Api$AbstractClientBuilder: Api$AbstractClientBuilder()
androidx.core.app.NotificationCompatBuilder$Api21Impl: android.app.Notification$Builder addPerson(android.app.Notification$Builder,java.lang.String)
com.google.common.collect.ImmutableList: ImmutableList()
androidx.datastore.preferences.protobuf.Writer$FieldOrder: androidx.datastore.preferences.protobuf.Writer$FieldOrder valueOf(java.lang.String)
androidx.lifecycle.ProcessLifecycleOwner$attach$1: void onActivityPreCreated(android.app.Activity,android.os.Bundle)
androidx.arch.core.executor.ArchTaskExecutor: ArchTaskExecutor()
com.razorpay.e_$r$: void relay(java.lang.String)
androidx.window.core.ExtensionsUtil: ExtensionsUtil()
kotlinx.coroutines.YieldContext: YieldContext()
com.google.common.util.concurrent.AbstractFuture$Listener: AbstractFuture$Listener()
com.google.android.exoplayer2.audio.DefaultAudioSink$Api31: void setLogSessionIdOnAudioTrack(android.media.AudioTrack,com.google.android.exoplayer2.analytics.PlayerId)
kotlin.jvm.internal.ReflectionFactory: ReflectionFactory()
androidx.core.view.WindowInsetsCompat$Impl: androidx.core.view.DisplayCutoutCompat getDisplayCutout()
io.flutter.embedding.engine.renderer.FlutterRenderer$ImageReaderSurfaceProducer: void pruneImageReaderQueue()
androidx.core.app.RemoteInput$Api20Impl: void addResultsToIntent(java.lang.Object,android.content.Intent,android.os.Bundle)
com.razorpay.RzpAssist: void trackEvent(java.lang.String,java.lang.String)