build/app/outputs/mapping/release/mapping.txt
# compiler: R8
# compiler_version: 3.3.70
# min_api: 21
# common_typos_disable
# {"id":"com.android.tools.r8.mapping","version":"2.0"}
# pg_map_id: a8c1216
# pg_map_hash: SHA-256 a8c121622a552181ba4f8c8fbb9000dfb82a9f156f11ddde67501704fb97a2f7
...
com.google.android.exoplayer2.AudioBecomingNoisyManager$AudioBecomingNoisyReceiver -> l0.b$a:
    com.google.android.exoplayer2.AudioBecomingNoisyManager this$0 -> i
    com.google.android.exoplayer2.AudioBecomingNoisyManager$EventListener listener -> g
    android.os.Handler eventHandler -> h
com.google.android.exoplayer2.AudioBecomingNoisyManager$EventListener -> l0.b$b:
    void onAudioBecomingNoisy() -> C
com.google.android.exoplayer2.AudioFocusManager -> l0.f:
    android.media.AudioManager audioManager -> a
    com.google.android.exoplayer2.audio.AudioAttributes audioAttributes -> d
    com.google.android.exoplayer2.AudioFocusManager$AudioFocusListener focusListener -> b
    android.media.AudioFocusRequest audioFocusRequest -> h
    boolean rebuildAudioFocusRequest -> i
    float volumeMultiplier -> g
    com.google.android.exoplayer2.AudioFocusManager$PlayerControl playerControl -> c
    int focusGainToRequest -> f
    int audioFocusState -> e
    void abandonAudioFocusDefault() -> a
    void abandonAudioFocusIfHeld() -> b
    void abandonAudioFocusV26() -> c
    void access$000(com.google.android.exoplayer2.AudioFocusManager,int) -> d
    int convertAudioAttributesToFocusGain(com.google.android.exoplayer2.audio.AudioAttributes) -> e
    void executePlayerCommand(int) -> f
    float getVolumeMultiplier() -> g
    void handlePlatformAudioFocusChange(int) -> h
    void release() -> i
    int requestAudioFocus() -> j
    int requestAudioFocusDefault() -> k
    int requestAudioFocusV26() -> l
    void setAudioAttributes(com.google.android.exoplayer2.audio.AudioAttributes) -> m
    void setAudioFocusState(int) -> n
    boolean shouldAbandonAudioFocusIfHeld(int) -> o
    int updateAudioFocus(boolean,int) -> p
    boolean willPauseWhenDucked() -> q
com.google.android.exoplayer2.AudioFocusManager$$ExternalSyntheticApiModelOutline0 -> l0.c:
# {"id":"sourceFile","fileName":"R8$$SyntheticClass"}
# {"id":"com.android.tools.r8.synthesized"}
    int com.google.android.exoplayer2.AudioFocusManager$$InternalSyntheticApiModelOutline$6$31531dce3a60669cd37d5cc9670047ffb07bb88664e4209e5bf6c85e6c56672f$0.m(android.media.AudioManager,android.media.AudioFocusRequest) -> a
      # {"id":"com.android.tools.r8.synthesized"}
com.google.android.exoplayer2.AudioFocusManager$$ExternalSyntheticApiModelOutline1 -> l0.d:
# {"id":"sourceFile","fileName":"R8$$SyntheticClass"}
# {"id":"com.android.tools.r8.synthesized"}
    int com.google.android.exoplayer2.AudioFocusManager$$InternalSyntheticApiModelOutline$6$c75869375020b21665f59fea3eed98e81dcb55fb1f9b89d99e66dfc3686a6bc2$0.m(android.media.AudioManager,android.media.AudioFocusRequest) -> a
      # {"id":"com.android.tools.r8.synthesized"}
com.google.android.exoplayer2.AudioFocusManager$AudioFocusListener -> l0.f$a:
    com.google.android.exoplayer2.AudioFocusManager this$0 -> b
    android.os.Handler eventHandler -> a
    void $r8$lambda$hDsXdOav9vPHI2rafi8uE7GFL_o(com.google.android.exoplayer2.AudioFocusManager$AudioFocusListener,int) -> a
      # {"id":"com.android.tools.r8.synthesized"}
    void lambda$onAudioFocusChange$0(int) -> b